  Determining projects to restore...
  All projects are up-to-date for restore.
  XmlFix.Analyzers -> /home/mivertowski/XmlFix/XmlFix/XmlFix.Analyzers/bin/Release/netstandard2.0/XmlFix.Analyzers.dll
/usr/share/dotnet/sdk/9.0.203/Microsoft.Common.CurrentVersion.targets(2424,5): warning MSB3277: Found conflicts between different versions of "System.Composition.AttributedModel" that could not be resolved. [/home/mivertowski/XmlFix/XmlFix/XmlFix.Analyzers.Tests/XmlFix.Analyzers.Tests.csproj]
/usr/share/dotnet/sdk/9.0.203/Microsoft.Common.CurrentVersion.targets(2424,5): warning MSB3277: There was a conflict between "System.Composition.AttributedModel, Version=7.0.0.0, Culture=neutral, PublicKeyToken=b03f5f7f11d50a3a" and "System.Composition.AttributedModel, Version=9.0.0.0, Culture=neutral, PublicKeyToken=b03f5f7f11d50a3a". [/home/mivertowski/XmlFix/XmlFix/XmlFix.Analyzers.Tests/XmlFix.Analyzers.Tests.csproj]
/usr/share/dotnet/sdk/9.0.203/Microsoft.Common.CurrentVersion.targets(2424,5): warning MSB3277:     "System.Composition.AttributedModel, Version=7.0.0.0, Culture=neutral, PublicKeyToken=b03f5f7f11d50a3a" was chosen because it was primary and "System.Composition.AttributedModel, Version=9.0.0.0, Culture=neutral, PublicKeyToken=b03f5f7f11d50a3a" was not. [/home/mivertowski/XmlFix/XmlFix/XmlFix.Analyzers.Tests/XmlFix.Analyzers.Tests.csproj]
/usr/share/dotnet/sdk/9.0.203/Microsoft.Common.CurrentVersion.targets(2424,5): warning MSB3277:     References which depend on "System.Composition.AttributedModel, Version=7.0.0.0, Culture=neutral, PublicKeyToken=b03f5f7f11d50a3a" [/home/mivertowski/.nuget/packages/system.composition.attributedmodel/7.0.0/lib/net7.0/System.Composition.AttributedModel.dll]. [/home/mivertowski/XmlFix/XmlFix/XmlFix.Analyzers.Tests/XmlFix.Analyzers.Tests.csproj]
/usr/share/dotnet/sdk/9.0.203/Microsoft.Common.CurrentVersion.targets(2424,5): warning MSB3277:         /home/mivertowski/.nuget/packages/system.composition.attributedmodel/7.0.0/lib/net7.0/System.Composition.AttributedModel.dll [/home/mivertowski/XmlFix/XmlFix/XmlFix.Analyzers.Tests/XmlFix.Analyzers.Tests.csproj]
/usr/share/dotnet/sdk/9.0.203/Microsoft.Common.CurrentVersion.targets(2424,5): warning MSB3277:           Project file item includes which caused reference "/home/mivertowski/.nuget/packages/system.composition.attributedmodel/7.0.0/lib/net7.0/System.Composition.AttributedModel.dll". [/home/mivertowski/XmlFix/XmlFix/XmlFix.Analyzers.Tests/XmlFix.Analyzers.Tests.csproj]
/usr/share/dotnet/sdk/9.0.203/Microsoft.Common.CurrentVersion.targets(2424,5): warning MSB3277:             /home/mivertowski/.nuget/packages/system.composition.attributedmodel/7.0.0/lib/net7.0/System.Composition.AttributedModel.dll [/home/mivertowski/XmlFix/XmlFix/XmlFix.Analyzers.Tests/XmlFix.Analyzers.Tests.csproj]
/usr/share/dotnet/sdk/9.0.203/Microsoft.Common.CurrentVersion.targets(2424,5): warning MSB3277:     References which depend on or have been unified to "System.Composition.AttributedModel, Version=9.0.0.0, Culture=neutral, PublicKeyToken=b03f5f7f11d50a3a" []. [/home/mivertowski/XmlFix/XmlFix/XmlFix.Analyzers.Tests/XmlFix.Analyzers.Tests.csproj]
/usr/share/dotnet/sdk/9.0.203/Microsoft.Common.CurrentVersion.targets(2424,5): warning MSB3277:         /home/mivertowski/XmlFix/XmlFix/XmlFix.Analyzers/bin/Release/netstandard2.0/XmlFix.Analyzers.dll [/home/mivertowski/XmlFix/XmlFix/XmlFix.Analyzers.Tests/XmlFix.Analyzers.Tests.csproj]
/usr/share/dotnet/sdk/9.0.203/Microsoft.Common.CurrentVersion.targets(2424,5): warning MSB3277:           Project file item includes which caused reference "/home/mivertowski/XmlFix/XmlFix/XmlFix.Analyzers/bin/Release/netstandard2.0/XmlFix.Analyzers.dll". [/home/mivertowski/XmlFix/XmlFix/XmlFix.Analyzers.Tests/XmlFix.Analyzers.Tests.csproj]
/usr/share/dotnet/sdk/9.0.203/Microsoft.Common.CurrentVersion.targets(2424,5): warning MSB3277:             /home/mivertowski/XmlFix/XmlFix/XmlFix.Analyzers/bin/Release/netstandard2.0/XmlFix.Analyzers.dll [/home/mivertowski/XmlFix/XmlFix/XmlFix.Analyzers.Tests/XmlFix.Analyzers.Tests.csproj]
/home/mivertowski/XmlFix/XmlFix/XmlFix.Sample/Program.cs(81,39): warning CS8613: Nullability of reference types in return type of 'Task<User?> UserRepository.GetByIdAsync(int id)' doesn't match implicitly implemented member 'Task<User> IRepository<User>.GetByIdAsync(int id)'. [/home/mivertowski/XmlFix/XmlFix/XmlFix.Sample/XmlFix.Sample.csproj]
/home/mivertowski/XmlFix/XmlFix/XmlFix.Sample/Program.cs(26,31): warning CS8618: Non-nullable event 'UserCreated' must contain a non-null value when exiting constructor. Consider adding the 'required' modifier or declaring the event as nullable. [/home/mivertowski/XmlFix/XmlFix/XmlFix.Sample/XmlFix.Sample.csproj]
/home/mivertowski/XmlFix/XmlFix/XmlFix.Sample/Program.cs(26,31): warning CS0067: The event 'UserService.UserCreated' is never used [/home/mivertowski/XmlFix/XmlFix/XmlFix.Sample/XmlFix.Sample.csproj]
/home/mivertowski/XmlFix/XmlFix/XmlFix.Sample/Program.cs(53,5): warning XDOC001: Public field 'Deleted' is missing XML documentation (https://docs.microsoft.com/en-us/dotnet/csharp/language-reference/xmldoc/) [/home/mivertowski/XmlFix/XmlFix/XmlFix.Sample/XmlFix.Sample.csproj]
/home/mivertowski/XmlFix/XmlFix/XmlFix.Sample/Program.cs(56,22): warning XDOC001: Public delegate 'UserEventHandler' is missing XML documentation (https://docs.microsoft.com/en-us/dotnet/csharp/language-reference/xmldoc/) [/home/mivertowski/XmlFix/XmlFix/XmlFix.Sample/XmlFix.Sample.csproj]
/home/mivertowski/XmlFix/XmlFix/XmlFix.Sample/Program.cs(78,14): warning XDOC001: Public class 'UserRepository' is missing XML documentation (https://docs.microsoft.com/en-us/dotnet/csharp/language-reference/xmldoc/) [/home/mivertowski/XmlFix/XmlFix/XmlFix.Sample/XmlFix.Sample.csproj]
/home/mivertowski/XmlFix/XmlFix/XmlFix.Sample/Program.cs(51,5): warning XDOC001: Public field 'Inactive' is missing XML documentation (https://docs.microsoft.com/en-us/dotnet/csharp/language-reference/xmldoc/) [/home/mivertowski/XmlFix/XmlFix/XmlFix.Sample/XmlFix.Sample.csproj]
/home/mivertowski/XmlFix/XmlFix/XmlFix.Sample/Program.cs(26,31): warning XDOC001: Public event 'UserCreated' is missing XML documentation (https://docs.microsoft.com/en-us/dotnet/csharp/language-reference/xmldoc/) [/home/mivertowski/XmlFix/XmlFix/XmlFix.Sample/XmlFix.Sample.csproj]
/home/mivertowski/XmlFix/XmlFix/XmlFix.Sample/Program.cs(40,14): warning XDOC001: Public class 'User' is missing XML documentation (https://docs.microsoft.com/en-us/dotnet/csharp/language-reference/xmldoc/) [/home/mivertowski/XmlFix/XmlFix/XmlFix.Sample/XmlFix.Sample.csproj]
/home/mivertowski/XmlFix/XmlFix/XmlFix.Sample/Program.cs(6,14): warning XDOC001: Public class 'UserService' is missing XML documentation (https://docs.microsoft.com/en-us/dotnet/csharp/language-reference/xmldoc/) [/home/mivertowski/XmlFix/XmlFix/XmlFix.Sample/XmlFix.Sample.csproj]
/home/mivertowski/XmlFix/XmlFix/XmlFix.Sample/Program.cs(42,16): warning XDOC001: Public property 'Id' is missing XML documentation (https://docs.microsoft.com/en-us/dotnet/csharp/language-reference/xmldoc/) [/home/mivertowski/XmlFix/XmlFix/XmlFix.Sample/XmlFix.Sample.csproj]
/home/mivertowski/XmlFix/XmlFix/XmlFix.Sample/Program.cs(59,23): warning XDOC001: Public class 'BaseRepository' is missing XML documentation (https://docs.microsoft.com/en-us/dotnet/csharp/language-reference/xmldoc/) [/home/mivertowski/XmlFix/XmlFix/XmlFix.Sample/XmlFix.Sample.csproj]
/home/mivertowski/XmlFix/XmlFix/XmlFix.Sample/Program.cs(43,19): warning XDOC001: Public property 'Name' is missing XML documentation (https://docs.microsoft.com/en-us/dotnet/csharp/language-reference/xmldoc/) [/home/mivertowski/XmlFix/XmlFix/XmlFix.Sample/XmlFix.Sample.csproj]
/home/mivertowski/XmlFix/XmlFix/XmlFix.Sample/Program.cs(44,19): warning XDOC001: Public property 'Email' is missing XML documentation (https://docs.microsoft.com/en-us/dotnet/csharp/language-reference/xmldoc/) [/home/mivertowski/XmlFix/XmlFix/XmlFix.Sample/XmlFix.Sample.csproj]
/home/mivertowski/XmlFix/XmlFix/XmlFix.Sample/Program.cs(28,25): warning XDOC001: Public field 'DefaultUserRole' is missing XML documentation (https://docs.microsoft.com/en-us/dotnet/csharp/language-reference/xmldoc/) [/home/mivertowski/XmlFix/XmlFix/XmlFix.Sample/XmlFix.Sample.csproj]
/home/mivertowski/XmlFix/XmlFix/XmlFix.Sample/Program.cs(24,19): warning XDOC001: Public property 'UserName' is missing XML documentation (https://docs.microsoft.com/en-us/dotnet/csharp/language-reference/xmldoc/) [/home/mivertowski/XmlFix/XmlFix/XmlFix.Sample/XmlFix.Sample.csproj]
/home/mivertowski/XmlFix/XmlFix/XmlFix.Sample/Program.cs(48,13): warning XDOC001: Public enum 'UserStatus' is missing XML documentation (https://docs.microsoft.com/en-us/dotnet/csharp/language-reference/xmldoc/) [/home/mivertowski/XmlFix/XmlFix/XmlFix.Sample/XmlFix.Sample.csproj]
/home/mivertowski/XmlFix/XmlFix/XmlFix.Sample/Program.cs(45,21): warning XDOC001: Public property 'CreatedAt' is missing XML documentation (https://docs.microsoft.com/en-us/dotnet/csharp/language-reference/xmldoc/) [/home/mivertowski/XmlFix/XmlFix/XmlFix.Sample/XmlFix.Sample.csproj]
/home/mivertowski/XmlFix/XmlFix/XmlFix.Sample/Program.cs(31,18): warning XDOC001: Public interface 'IRepository' is missing XML documentation (https://docs.microsoft.com/en-us/dotnet/csharp/language-reference/xmldoc/) [/home/mivertowski/XmlFix/XmlFix/XmlFix.Sample/XmlFix.Sample.csproj]
/home/mivertowski/XmlFix/XmlFix/XmlFix.Sample/Program.cs(50,5): warning XDOC001: Public field 'Active' is missing XML documentation (https://docs.microsoft.com/en-us/dotnet/csharp/language-reference/xmldoc/) [/home/mivertowski/XmlFix/XmlFix/XmlFix.Sample/XmlFix.Sample.csproj]
/home/mivertowski/XmlFix/XmlFix/XmlFix.Sample/Program.cs(52,5): warning XDOC001: Public field 'Suspended' is missing XML documentation (https://docs.microsoft.com/en-us/dotnet/csharp/language-reference/xmldoc/) [/home/mivertowski/XmlFix/XmlFix/XmlFix.Sample/XmlFix.Sample.csproj]
/home/mivertowski/XmlFix/XmlFix/XmlFix.Sample/Program.cs(33,13): warning XDOC001: Public method 'GetByIdAsync' is missing XML documentation (https://docs.microsoft.com/en-us/dotnet/csharp/language-reference/xmldoc/) [/home/mivertowski/XmlFix/XmlFix/XmlFix.Sample/XmlFix.Sample.csproj]
/home/mivertowski/XmlFix/XmlFix/XmlFix.Sample/Program.cs(35,10): warning XDOC001: Public method 'CreateAsync' is missing XML documentation (https://docs.microsoft.com/en-us/dotnet/csharp/language-reference/xmldoc/) [/home/mivertowski/XmlFix/XmlFix/XmlFix.Sample/XmlFix.Sample.csproj]
/home/mivertowski/XmlFix/XmlFix/XmlFix.Sample/Program.cs(36,10): warning XDOC001: Public method 'UpdateAsync' is missing XML documentation (https://docs.microsoft.com/en-us/dotnet/csharp/language-reference/xmldoc/) [/home/mivertowski/XmlFix/XmlFix/XmlFix.Sample/XmlFix.Sample.csproj]
/home/mivertowski/XmlFix/XmlFix/XmlFix.Sample/Program.cs(34,26): warning XDOC001: Public method 'GetAllAsync' is missing XML documentation (https://docs.microsoft.com/en-us/dotnet/csharp/language-reference/xmldoc/) [/home/mivertowski/XmlFix/XmlFix/XmlFix.Sample/XmlFix.Sample.csproj]
/home/mivertowski/XmlFix/XmlFix/XmlFix.Sample/Program.cs(37,10): warning XDOC001: Public method 'DeleteAsync' is missing XML documentation (https://docs.microsoft.com/en-us/dotnet/csharp/language-reference/xmldoc/) [/home/mivertowski/XmlFix/XmlFix/XmlFix.Sample/XmlFix.Sample.csproj]
/home/mivertowski/XmlFix/XmlFix/XmlFix.Sample/Program.cs(42,21): warning XDOC001: Public method 'get_Id' is missing XML documentation (https://docs.microsoft.com/en-us/dotnet/csharp/language-reference/xmldoc/) [/home/mivertowski/XmlFix/XmlFix/XmlFix.Sample/XmlFix.Sample.csproj]
/home/mivertowski/XmlFix/XmlFix/XmlFix.Sample/Program.cs(8,17): warning XDOC001: Public method 'CreateUser' is missing XML documentation (https://docs.microsoft.com/en-us/dotnet/csharp/language-reference/xmldoc/) [/home/mivertowski/XmlFix/XmlFix/XmlFix.Sample/XmlFix.Sample.csproj]
/home/mivertowski/XmlFix/XmlFix/XmlFix.Sample/Program.cs(42,26): warning XDOC001: Public method 'set_Id' is missing XML documentation (https://docs.microsoft.com/en-us/dotnet/csharp/language-reference/xmldoc/) [/home/mivertowski/XmlFix/XmlFix/XmlFix.Sample/XmlFix.Sample.csproj]
/home/mivertowski/XmlFix/XmlFix/XmlFix.Sample/Program.cs(43,26): warning XDOC001: Public method 'get_Name' is missing XML documentation (https://docs.microsoft.com/en-us/dotnet/csharp/language-reference/xmldoc/) [/home/mivertowski/XmlFix/XmlFix/XmlFix.Sample/XmlFix.Sample.csproj]
/home/mivertowski/XmlFix/XmlFix/XmlFix.Sample/Program.cs(43,31): warning XDOC001: Public method 'set_Name' is missing XML documentation (https://docs.microsoft.com/en-us/dotnet/csharp/language-reference/xmldoc/) [/home/mivertowski/XmlFix/XmlFix/XmlFix.Sample/XmlFix.Sample.csproj]
/home/mivertowski/XmlFix/XmlFix/XmlFix.Sample/Program.cs(45,38): warning XDOC001: Public method 'set_CreatedAt' is missing XML documentation (https://docs.microsoft.com/en-us/dotnet/csharp/language-reference/xmldoc/) [/home/mivertowski/XmlFix/XmlFix/XmlFix.Sample/XmlFix.Sample.csproj]
/home/mivertowski/XmlFix/XmlFix/XmlFix.Sample/Program.cs(13,17): warning XDOC001: Public method 'IsValidEmail' is missing XML documentation (https://docs.microsoft.com/en-us/dotnet/csharp/language-reference/xmldoc/) [/home/mivertowski/XmlFix/XmlFix/XmlFix.Sample/XmlFix.Sample.csproj]
/home/mivertowski/XmlFix/XmlFix/XmlFix.Sample/Program.cs(44,27): warning XDOC001: Public method 'get_Email' is missing XML documentation (https://docs.microsoft.com/en-us/dotnet/csharp/language-reference/xmldoc/) [/home/mivertowski/XmlFix/XmlFix/XmlFix.Sample/XmlFix.Sample.csproj]
/home/mivertowski/XmlFix/XmlFix/XmlFix.Sample/Program.cs(44,32): warning XDOC001: Public method 'set_Email' is missing XML documentation (https://docs.microsoft.com/en-us/dotnet/csharp/language-reference/xmldoc/) [/home/mivertowski/XmlFix/XmlFix/XmlFix.Sample/XmlFix.Sample.csproj]
/home/mivertowski/XmlFix/XmlFix/XmlFix.Sample/Program.cs(45,33): warning XDOC001: Public method 'get_CreatedAt' is missing XML documentation (https://docs.microsoft.com/en-us/dotnet/csharp/language-reference/xmldoc/) [/home/mivertowski/XmlFix/XmlFix/XmlFix.Sample/XmlFix.Sample.csproj]
/home/mivertowski/XmlFix/XmlFix/XmlFix.Sample/Program.cs(18,29): warning XDOC001: Public method 'GetUserByIdAsync' is missing XML documentation (https://docs.microsoft.com/en-us/dotnet/csharp/language-reference/xmldoc/) [/home/mivertowski/XmlFix/XmlFix/XmlFix.Sample/XmlFix.Sample.csproj]
/home/mivertowski/XmlFix/XmlFix/XmlFix.Sample/Program.cs(24,30): warning XDOC001: Public method 'get_UserName' is missing XML documentation (https://docs.microsoft.com/en-us/dotnet/csharp/language-reference/xmldoc/) [/home/mivertowski/XmlFix/XmlFix/XmlFix.Sample/XmlFix.Sample.csproj]
/home/mivertowski/XmlFix/XmlFix/XmlFix.Sample/Program.cs(24,35): warning XDOC001: Public method 'set_UserName' is missing XML documentation (https://docs.microsoft.com/en-us/dotnet/csharp/language-reference/xmldoc/) [/home/mivertowski/XmlFix/XmlFix/XmlFix.Sample/XmlFix.Sample.csproj]
/home/mivertowski/XmlFix/XmlFix/XmlFix.Sample/Program.cs(109,28): warning XDOC001: Public method 'GetUserCountByStatusAsync' is missing XML documentation (https://docs.microsoft.com/en-us/dotnet/csharp/language-reference/xmldoc/) [/home/mivertowski/XmlFix/XmlFix/XmlFix.Sample/XmlFix.Sample.csproj]
  XmlFix.Sample -> /home/mivertowski/XmlFix/XmlFix/XmlFix.Sample/bin/Release/net9.0/XmlFix.Sample.dll
  XmlFix.Analyzers.Tests -> /home/mivertowski/XmlFix/XmlFix/XmlFix.Analyzers.Tests/bin/Release/net9.0/XmlFix.Analyzers.Tests.dll

Build succeeded.

/usr/share/dotnet/sdk/9.0.203/Microsoft.Common.CurrentVersion.targets(2424,5): warning MSB3277: Found conflicts between different versions of "System.Composition.AttributedModel" that could not be resolved. [/home/mivertowski/XmlFix/XmlFix/XmlFix.Analyzers.Tests/XmlFix.Analyzers.Tests.csproj]
/usr/share/dotnet/sdk/9.0.203/Microsoft.Common.CurrentVersion.targets(2424,5): warning MSB3277: There was a conflict between "System.Composition.AttributedModel, Version=7.0.0.0, Culture=neutral, PublicKeyToken=b03f5f7f11d50a3a" and "System.Composition.AttributedModel, Version=9.0.0.0, Culture=neutral, PublicKeyToken=b03f5f7f11d50a3a". [/home/mivertowski/XmlFix/XmlFix/XmlFix.Analyzers.Tests/XmlFix.Analyzers.Tests.csproj]
/usr/share/dotnet/sdk/9.0.203/Microsoft.Common.CurrentVersion.targets(2424,5): warning MSB3277:     "System.Composition.AttributedModel, Version=7.0.0.0, Culture=neutral, PublicKeyToken=b03f5f7f11d50a3a" was chosen because it was primary and "System.Composition.AttributedModel, Version=9.0.0.0, Culture=neutral, PublicKeyToken=b03f5f7f11d50a3a" was not. [/home/mivertowski/XmlFix/XmlFix/XmlFix.Analyzers.Tests/XmlFix.Analyzers.Tests.csproj]
/usr/share/dotnet/sdk/9.0.203/Microsoft.Common.CurrentVersion.targets(2424,5): warning MSB3277:     References which depend on "System.Composition.AttributedModel, Version=7.0.0.0, Culture=neutral, PublicKeyToken=b03f5f7f11d50a3a" [/home/mivertowski/.nuget/packages/system.composition.attributedmodel/7.0.0/lib/net7.0/System.Composition.AttributedModel.dll]. [/home/mivertowski/XmlFix/XmlFix/XmlFix.Analyzers.Tests/XmlFix.Analyzers.Tests.csproj]
/usr/share/dotnet/sdk/9.0.203/Microsoft.Common.CurrentVersion.targets(2424,5): warning MSB3277:         /home/mivertowski/.nuget/packages/system.composition.attributedmodel/7.0.0/lib/net7.0/System.Composition.AttributedModel.dll [/home/mivertowski/XmlFix/XmlFix/XmlFix.Analyzers.Tests/XmlFix.Analyzers.Tests.csproj]
/usr/share/dotnet/sdk/9.0.203/Microsoft.Common.CurrentVersion.targets(2424,5): warning MSB3277:           Project file item includes which caused reference "/home/mivertowski/.nuget/packages/system.composition.attributedmodel/7.0.0/lib/net7.0/System.Composition.AttributedModel.dll". [/home/mivertowski/XmlFix/XmlFix/XmlFix.Analyzers.Tests/XmlFix.Analyzers.Tests.csproj]
/usr/share/dotnet/sdk/9.0.203/Microsoft.Common.CurrentVersion.targets(2424,5): warning MSB3277:             /home/mivertowski/.nuget/packages/system.composition.attributedmodel/7.0.0/lib/net7.0/System.Composition.AttributedModel.dll [/home/mivertowski/XmlFix/XmlFix/XmlFix.Analyzers.Tests/XmlFix.Analyzers.Tests.csproj]
/usr/share/dotnet/sdk/9.0.203/Microsoft.Common.CurrentVersion.targets(2424,5): warning MSB3277:     References which depend on or have been unified to "System.Composition.AttributedModel, Version=9.0.0.0, Culture=neutral, PublicKeyToken=b03f5f7f11d50a3a" []. [/home/mivertowski/XmlFix/XmlFix/XmlFix.Analyzers.Tests/XmlFix.Analyzers.Tests.csproj]
/usr/share/dotnet/sdk/9.0.203/Microsoft.Common.CurrentVersion.targets(2424,5): warning MSB3277:         /home/mivertowski/XmlFix/XmlFix/XmlFix.Analyzers/bin/Release/netstandard2.0/XmlFix.Analyzers.dll [/home/mivertowski/XmlFix/XmlFix/XmlFix.Analyzers.Tests/XmlFix.Analyzers.Tests.csproj]
/usr/share/dotnet/sdk/9.0.203/Microsoft.Common.CurrentVersion.targets(2424,5): warning MSB3277:           Project file item includes which caused reference "/home/mivertowski/XmlFix/XmlFix/XmlFix.Analyzers/bin/Release/netstandard2.0/XmlFix.Analyzers.dll". [/home/mivertowski/XmlFix/XmlFix/XmlFix.Analyzers.Tests/XmlFix.Analyzers.Tests.csproj]
/usr/share/dotnet/sdk/9.0.203/Microsoft.Common.CurrentVersion.targets(2424,5): warning MSB3277:             /home/mivertowski/XmlFix/XmlFix/XmlFix.Analyzers/bin/Release/netstandard2.0/XmlFix.Analyzers.dll [/home/mivertowski/XmlFix/XmlFix/XmlFix.Analyzers.Tests/XmlFix.Analyzers.Tests.csproj]
/home/mivertowski/XmlFix/XmlFix/XmlFix.Sample/Program.cs(81,39): warning CS8613: Nullability of reference types in return type of 'Task<User?> UserRepository.GetByIdAsync(int id)' doesn't match implicitly implemented member 'Task<User> IRepository<User>.GetByIdAsync(int id)'. [/home/mivertowski/XmlFix/XmlFix/XmlFix.Sample/XmlFix.Sample.csproj]
/home/mivertowski/XmlFix/XmlFix/XmlFix.Sample/Program.cs(26,31): warning CS8618: Non-nullable event 'UserCreated' must contain a non-null value when exiting constructor. Consider adding the 'required' modifier or declaring the event as nullable. [/home/mivertowski/XmlFix/XmlFix/XmlFix.Sample/XmlFix.Sample.csproj]
/home/mivertowski/XmlFix/XmlFix/XmlFix.Sample/Program.cs(26,31): warning CS0067: The event 'UserService.UserCreated' is never used [/home/mivertowski/XmlFix/XmlFix/XmlFix.Sample/XmlFix.Sample.csproj]
/home/mivertowski/XmlFix/XmlFix/XmlFix.Sample/Program.cs(53,5): warning XDOC001: Public field 'Deleted' is missing XML documentation (https://docs.microsoft.com/en-us/dotnet/csharp/language-reference/xmldoc/) [/home/mivertowski/XmlFix/XmlFix/XmlFix.Sample/XmlFix.Sample.csproj]
/home/mivertowski/XmlFix/XmlFix/XmlFix.Sample/Program.cs(56,22): warning XDOC001: Public delegate 'UserEventHandler' is missing XML documentation (https://docs.microsoft.com/en-us/dotnet/csharp/language-reference/xmldoc/) [/home/mivertowski/XmlFix/XmlFix/XmlFix.Sample/XmlFix.Sample.csproj]
/home/mivertowski/XmlFix/XmlFix/XmlFix.Sample/Program.cs(78,14): warning XDOC001: Public class 'UserRepository' is missing XML documentation (https://docs.microsoft.com/en-us/dotnet/csharp/language-reference/xmldoc/) [/home/mivertowski/XmlFix/XmlFix/XmlFix.Sample/XmlFix.Sample.csproj]
/home/mivertowski/XmlFix/XmlFix/XmlFix.Sample/Program.cs(51,5): warning XDOC001: Public field 'Inactive' is missing XML documentation (https://docs.microsoft.com/en-us/dotnet/csharp/language-reference/xmldoc/) [/home/mivertowski/XmlFix/XmlFix/XmlFix.Sample/XmlFix.Sample.csproj]
/home/mivertowski/XmlFix/XmlFix/XmlFix.Sample/Program.cs(26,31): warning XDOC001: Public event 'UserCreated' is missing XML documentation (https://docs.microsoft.com/en-us/dotnet/csharp/language-reference/xmldoc/) [/home/mivertowski/XmlFix/XmlFix/XmlFix.Sample/XmlFix.Sample.csproj]
/home/mivertowski/XmlFix/XmlFix/XmlFix.Sample/Program.cs(40,14): warning XDOC001: Public class 'User' is missing XML documentation (https://docs.microsoft.com/en-us/dotnet/csharp/language-reference/xmldoc/) [/home/mivertowski/XmlFix/XmlFix/XmlFix.Sample/XmlFix.Sample.csproj]
/home/mivertowski/XmlFix/XmlFix/XmlFix.Sample/Program.cs(6,14): warning XDOC001: Public class 'UserService' is missing XML documentation (https://docs.microsoft.com/en-us/dotnet/csharp/language-reference/xmldoc/) [/home/mivertowski/XmlFix/XmlFix/XmlFix.Sample/XmlFix.Sample.csproj]
/home/mivertowski/XmlFix/XmlFix/XmlFix.Sample/Program.cs(42,16): warning XDOC001: Public property 'Id' is missing XML documentation (https://docs.microsoft.com/en-us/dotnet/csharp/language-reference/xmldoc/) [/home/mivertowski/XmlFix/XmlFix/XmlFix.Sample/XmlFix.Sample.csproj]
/home/mivertowski/XmlFix/XmlFix/XmlFix.Sample/Program.cs(59,23): warning XDOC001: Public class 'BaseRepository' is missing XML documentation (https://docs.microsoft.com/en-us/dotnet/csharp/language-reference/xmldoc/) [/home/mivertowski/XmlFix/XmlFix/XmlFix.Sample/XmlFix.Sample.csproj]
/home/mivertowski/XmlFix/XmlFix/XmlFix.Sample/Program.cs(43,19): warning XDOC001: Public property 'Name' is missing XML documentation (https://docs.microsoft.com/en-us/dotnet/csharp/language-reference/xmldoc/) [/home/mivertowski/XmlFix/XmlFix/XmlFix.Sample/XmlFix.Sample.csproj]
/home/mivertowski/XmlFix/XmlFix/XmlFix.Sample/Program.cs(44,19): warning XDOC001: Public property 'Email' is missing XML documentation (https://docs.microsoft.com/en-us/dotnet/csharp/language-reference/xmldoc/) [/home/mivertowski/XmlFix/XmlFix/XmlFix.Sample/XmlFix.Sample.csproj]
/home/mivertowski/XmlFix/XmlFix/XmlFix.Sample/Program.cs(28,25): warning XDOC001: Public field 'DefaultUserRole' is missing XML documentation (https://docs.microsoft.com/en-us/dotnet/csharp/language-reference/xmldoc/) [/home/mivertowski/XmlFix/XmlFix/XmlFix.Sample/XmlFix.Sample.csproj]
/home/mivertowski/XmlFix/XmlFix/XmlFix.Sample/Program.cs(24,19): warning XDOC001: Public property 'UserName' is missing XML documentation (https://docs.microsoft.com/en-us/dotnet/csharp/language-reference/xmldoc/) [/home/mivertowski/XmlFix/XmlFix/XmlFix.Sample/XmlFix.Sample.csproj]
/home/mivertowski/XmlFix/XmlFix/XmlFix.Sample/Program.cs(48,13): warning XDOC001: Public enum 'UserStatus' is missing XML documentation (https://docs.microsoft.com/en-us/dotnet/csharp/language-reference/xmldoc/) [/home/mivertowski/XmlFix/XmlFix/XmlFix.Sample/XmlFix.Sample.csproj]
/home/mivertowski/XmlFix/XmlFix/XmlFix.Sample/Program.cs(45,21): warning XDOC001: Public property 'CreatedAt' is missing XML documentation (https://docs.microsoft.com/en-us/dotnet/csharp/language-reference/xmldoc/) [/home/mivertowski/XmlFix/XmlFix/XmlFix.Sample/XmlFix.Sample.csproj]
/home/mivertowski/XmlFix/XmlFix/XmlFix.Sample/Program.cs(31,18): warning XDOC001: Public interface 'IRepository' is missing XML documentation (https://docs.microsoft.com/en-us/dotnet/csharp/language-reference/xmldoc/) [/home/mivertowski/XmlFix/XmlFix/XmlFix.Sample/XmlFix.Sample.csproj]
/home/mivertowski/XmlFix/XmlFix/XmlFix.Sample/Program.cs(50,5): warning XDOC001: Public field 'Active' is missing XML documentation (https://docs.microsoft.com/en-us/dotnet/csharp/language-reference/xmldoc/) [/home/mivertowski/XmlFix/XmlFix/XmlFix.Sample/XmlFix.Sample.csproj]
/home/mivertowski/XmlFix/XmlFix/XmlFix.Sample/Program.cs(52,5): warning XDOC001: Public field 'Suspended' is missing XML documentation (https://docs.microsoft.com/en-us/dotnet/csharp/language-reference/xmldoc/) [/home/mivertowski/XmlFix/XmlFix/XmlFix.Sample/XmlFix.Sample.csproj]
/home/mivertowski/XmlFix/XmlFix/XmlFix.Sample/Program.cs(33,13): warning XDOC001: Public method 'GetByIdAsync' is missing XML documentation (https://docs.microsoft.com/en-us/dotnet/csharp/language-reference/xmldoc/) [/home/mivertowski/XmlFix/XmlFix/XmlFix.Sample/XmlFix.Sample.csproj]
/home/mivertowski/XmlFix/XmlFix/XmlFix.Sample/Program.cs(35,10): warning XDOC001: Public method 'CreateAsync' is missing XML documentation (https://docs.microsoft.com/en-us/dotnet/csharp/language-reference/xmldoc/) [/home/mivertowski/XmlFix/XmlFix/XmlFix.Sample/XmlFix.Sample.csproj]
/home/mivertowski/XmlFix/XmlFix/XmlFix.Sample/Program.cs(36,10): warning XDOC001: Public method 'UpdateAsync' is missing XML documentation (https://docs.microsoft.com/en-us/dotnet/csharp/language-reference/xmldoc/) [/home/mivertowski/XmlFix/XmlFix/XmlFix.Sample/XmlFix.Sample.csproj]
/home/mivertowski/XmlFix/XmlFix/XmlFix.Sample/Program.cs(34,26): warning XDOC001: Public method 'GetAllAsync' is missing XML documentation (https://docs.microsoft.com/en-us/dotnet/csharp/language-reference/xmldoc/) [/home/mivertowski/XmlFix/XmlFix/XmlFix.Sample/XmlFix.Sample.csproj]
/home/mivertowski/XmlFix/XmlFix/XmlFix.Sample/Program.cs(37,10): warning XDOC001: Public method 'DeleteAsync' is missing XML documentation (https://docs.microsoft.com/en-us/dotnet/csharp/language-reference/xmldoc/) [/home/mivertowski/XmlFix/XmlFix/XmlFix.Sample/XmlFix.Sample.csproj]
/home/mivertowski/XmlFix/XmlFix/XmlFix.Sample/Program.cs(42,21): warning XDOC001: Public method 'get_Id' is missing XML documentation (https://docs.microsoft.com/en-us/dotnet/csharp/language-reference/xmldoc/) [/home/mivertowski/XmlFix/XmlFix/XmlFix.Sample/XmlFix.Sample.csproj]
/home/mivertowski/XmlFix/XmlFix/XmlFix.Sample/Program.cs(8,17): warning XDOC001: Public method 'CreateUser' is missing XML documentation (https://docs.microsoft.com/en-us/dotnet/csharp/language-reference/xmldoc/) [/home/mivertowski/XmlFix/XmlFix/XmlFix.Sample/XmlFix.Sample.csproj]
/home/mivertowski/XmlFix/XmlFix/XmlFix.Sample/Program.cs(42,26): warning XDOC001: Public method 'set_Id' is missing XML documentation (https://docs.microsoft.com/en-us/dotnet/csharp/language-reference/xmldoc/) [/home/mivertowski/XmlFix/XmlFix/XmlFix.Sample/XmlFix.Sample.csproj]
/home/mivertowski/XmlFix/XmlFix/XmlFix.Sample/Program.cs(43,26): warning XDOC001: Public method 'get_Name' is missing XML documentation (https://docs.microsoft.com/en-us/dotnet/csharp/language-reference/xmldoc/) [/home/mivertowski/XmlFix/XmlFix/XmlFix.Sample/XmlFix.Sample.csproj]
/home/mivertowski/XmlFix/XmlFix/XmlFix.Sample/Program.cs(43,31): warning XDOC001: Public method 'set_Name' is missing XML documentation (https://docs.microsoft.com/en-us/dotnet/csharp/language-reference/xmldoc/) [/home/mivertowski/XmlFix/XmlFix/XmlFix.Sample/XmlFix.Sample.csproj]
/home/mivertowski/XmlFix/XmlFix/XmlFix.Sample/Program.cs(45,38): warning XDOC001: Public method 'set_CreatedAt' is missing XML documentation (https://docs.microsoft.com/en-us/dotnet/csharp/language-reference/xmldoc/) [/home/mivertowski/XmlFix/XmlFix/XmlFix.Sample/XmlFix.Sample.csproj]
/home/mivertowski/XmlFix/XmlFix/XmlFix.Sample/Program.cs(13,17): warning XDOC001: Public method 'IsValidEmail' is missing XML documentation (https://docs.microsoft.com/en-us/dotnet/csharp/language-reference/xmldoc/) [/home/mivertowski/XmlFix/XmlFix/XmlFix.Sample/XmlFix.Sample.csproj]
/home/mivertowski/XmlFix/XmlFix/XmlFix.Sample/Program.cs(44,27): warning XDOC001: Public method 'get_Email' is missing XML documentation (https://docs.microsoft.com/en-us/dotnet/csharp/language-reference/xmldoc/) [/home/mivertowski/XmlFix/XmlFix/XmlFix.Sample/XmlFix.Sample.csproj]
/home/mivertowski/XmlFix/XmlFix/XmlFix.Sample/Program.cs(44,32): warning XDOC001: Public method 'set_Email' is missing XML documentation (https://docs.microsoft.com/en-us/dotnet/csharp/language-reference/xmldoc/) [/home/mivertowski/XmlFix/XmlFix/XmlFix.Sample/XmlFix.Sample.csproj]
/home/mivertowski/XmlFix/XmlFix/XmlFix.Sample/Program.cs(45,33): warning XDOC001: Public method 'get_CreatedAt' is missing XML documentation (https://docs.microsoft.com/en-us/dotnet/csharp/language-reference/xmldoc/) [/home/mivertowski/XmlFix/XmlFix/XmlFix.Sample/XmlFix.Sample.csproj]
/home/mivertowski/XmlFix/XmlFix/XmlFix.Sample/Program.cs(18,29): warning XDOC001: Public method 'GetUserByIdAsync' is missing XML documentation (https://docs.microsoft.com/en-us/dotnet/csharp/language-reference/xmldoc/) [/home/mivertowski/XmlFix/XmlFix/XmlFix.Sample/XmlFix.Sample.csproj]
/home/mivertowski/XmlFix/XmlFix/XmlFix.Sample/Program.cs(24,30): warning XDOC001: Public method 'get_UserName' is missing XML documentation (https://docs.microsoft.com/en-us/dotnet/csharp/language-reference/xmldoc/) [/home/mivertowski/XmlFix/XmlFix/XmlFix.Sample/XmlFix.Sample.csproj]
/home/mivertowski/XmlFix/XmlFix/XmlFix.Sample/Program.cs(24,35): warning XDOC001: Public method 'set_UserName' is missing XML documentation (https://docs.microsoft.com/en-us/dotnet/csharp/language-reference/xmldoc/) [/home/mivertowski/XmlFix/XmlFix/XmlFix.Sample/XmlFix.Sample.csproj]
/home/mivertowski/XmlFix/XmlFix/XmlFix.Sample/Program.cs(109,28): warning XDOC001: Public method 'GetUserCountByStatusAsync' is missing XML documentation (https://docs.microsoft.com/en-us/dotnet/csharp/language-reference/xmldoc/) [/home/mivertowski/XmlFix/XmlFix/XmlFix.Sample/XmlFix.Sample.csproj]
    41 Warning(s)
    0 Error(s)

Time Elapsed 00:00:07.15
